
OpenSBI v0.4 (Jul  2 2019 11:53:53)
   ____                    _____ ____ _____
  / __ \                  / ____|  _ \_   _|
 | |  | |_ __   ___ _ __ | (___ | |_) || |
 | |  | | '_ \ / _ \ '_ \ \___ \|  _ < | |
 | |__| | |_) |  __/ | | |____) | |_) || |_
  \____/| .__/ \___|_| |_|_____/|____/_____|
        | |
        |_|

Platform Name          : QEMU Virt Machine
Platform HART Features : RV64ACDFIMSU
Platform Max HARTs     : 8
Current Hart           : 0
Firmware Base          : 0x80000000
Firmware Size          : 112 KB
Runtime SBI Version    : 0.1

PMP0: 0x0000000080000000-0x000000008001ffff (A)
PMP1: 0x0000000000000000-0xffffffffffffffff (A,R,W,X)
(THU.CST) os is loading ...

Special kernel symbols:
  entry  0xc0200036 (virtual)
  etext  0xc02067f6 (virtual)
  edata  0xc02a10f8 (virtual)
  end    0xc02ac680 (virtual)
Kernel executable memory footprint: 690KB
memory management: default_pmm_manager
physcial memory map:
  memory: 0x07e00000, [0x80200000, 0x87ffffff].
vapaofset is 18446744070488326144
check_alloc_page() succeeded!
check_pgdir() succeeded!
check_boot_pgdir() succeeded!
use SLOB allocator
kmalloc_init() succeeded!
check_vma_struct() succeeded!
Store/AMO page fault
page fault at 0x00000100: K/W
check_pgfault() succeeded!
check_vmm() succeeded.
SWAP: manager = fifo swap manager
BEGIN check_swap: count 1, total 31567
setup Page Table for vaddr 0X1000, so alloc a page
setup Page Table vaddr 0~4MB OVER!
set up init env for check_swap begin!
Store/AMO page fault
page fault at 0x00001000: K/W
Store/AMO page fault
page fault at 0x00002000: K/W
Store/AMO page fault
page fault at 0x00003000: K/W
Store/AMO page fault
page fault at 0x00004000: K/W
set up init env for check_swap over!
write Virt Page c in fifo_check_swap
write Virt Page a in fifo_check_swap
write Virt Page d in fifo_check_swap
write Virt Page b in fifo_check_swap
write Virt Page e in fifo_check_swap
Store/AMO page fault
page fault at 0x00005000: K/W
swap_out: i 0, store page in vaddr 0x1000 to disk swap entry 2
write Virt Page b in fifo_check_swap
write Virt Page a in fifo_check_swap
Store/AMO page fault
page fault at 0x00001000: K/W
swap_out: i 0, store page in vaddr 0x2000 to disk swap entry 3
swap_in: load disk swap entry 2 with swap_page in vadr 0x1000
write Virt Page b in fifo_check_swap
Store/AMO page fault
page fault at 0x00002000: K/W
swap_out: i 0, store page in vaddr 0x3000 to disk swap entry 4
swap_in: load disk swap entry 3 with swap_page in vadr 0x2000
write Virt Page c in fifo_check_swap
Store/AMO page fault
page fault at 0x00003000: K/W
swap_out: i 0, store page in vaddr 0x4000 to disk swap entry 5
swap_in: load disk swap entry 4 with swap_page in vadr 0x3000
write Virt Page d in fifo_check_swap
Store/AMO page fault
page fault at 0x00004000: K/W
swap_out: i 0, store page in vaddr 0x5000 to disk swap entry 6
swap_in: load disk swap entry 5 with swap_page in vadr 0x4000
write Virt Page e in fifo_check_swap
Store/AMO page fault
page fault at 0x00005000: K/W
swap_out: i 0, store page in vaddr 0x1000 to disk swap entry 2
swap_in: load disk swap entry 6 with swap_page in vadr 0x5000
write Virt Page a in fifo_check_swap
Load page fault
page fault at 0x00001000: K/R
swap_out: i 0, store page in vaddr 0x2000 to disk swap entry 3
swap_in: load disk swap entry 2 with swap_page in vadr 0x1000
check_swap() succeeded!
++ setup timer interrupts
kernel_execve: pid = 2, name = "forktest".
Breakpoint
activate syscall

copy on write activated
alloc a new page 0xc04c2000
alloc a new page 0xc04c3000
alloc a new page 0xc04c4000
alloc a new page 0xc04c5000

copy on write activated
alloc a new page 0xc04c8000

copy on write activated
alloc a new page 0xc04ce000
alloc a new page 0xc04cf000
alloc a new page 0xc04d0000
alloc a new page 0xc04d1000

copy on write activated
alloc a new page 0xc04d4000

copy on write activated
alloc a new page 0xc04da000
alloc a new page 0xc04db000
alloc a new page 0xc04dc000
alloc a new page 0xc04dd000

copy on write activated
alloc a new page 0xc04e0000

copy on write activated
alloc a new page 0xc04e6000
alloc a new page 0xc04e7000
alloc a new page 0xc04e8000
alloc a new page 0xc04e9000

copy on write activated
alloc a new page 0xc04ec000

copy on write activated
alloc a new page 0xc04f2000
alloc a new page 0xc04f3000
alloc a new page 0xc04f4000
alloc a new page 0xc04f5000

copy on write activated
alloc a new page 0xc04f8000

copy on write activated
alloc a new page 0xc04fe000
alloc a new page 0xc04ff000
alloc a new page 0xc0500000
alloc a new page 0xc0501000

copy on write activated
alloc a new page 0xc0504000

copy on write activated
alloc a new page 0xc050a000
alloc a new page 0xc050b000
alloc a new page 0xc050c000
alloc a new page 0xc050d000

copy on write activated
alloc a new page 0xc0510000

copy on write activated
alloc a new page 0xc0516000
alloc a new page 0xc0517000
alloc a new page 0xc0518000
alloc a new page 0xc0519000

copy on write activated
alloc a new page 0xc051c000

copy on write activated
alloc a new page 0xc0522000
alloc a new page 0xc0523000
alloc a new page 0xc0524000
alloc a new page 0xc0525000

copy on write activated
alloc a new page 0xc0528000

copy on write activated
alloc a new page 0xc052e000
alloc a new page 0xc052f000
alloc a new page 0xc0530000
alloc a new page 0xc0531000

copy on write activated
alloc a new page 0xc0534000

copy on write activated
alloc a new page 0xc053a000
alloc a new page 0xc053b000
alloc a new page 0xc053c000
alloc a new page 0xc053d000

copy on write activated
alloc a new page 0xc0540000

copy on write activated
alloc a new page 0xc0546000
alloc a new page 0xc0547000
alloc a new page 0xc0548000
alloc a new page 0xc0549000

copy on write activated
alloc a new page 0xc054c000

copy on write activated
alloc a new page 0xc0552000
alloc a new page 0xc0553000
alloc a new page 0xc0554000
alloc a new page 0xc0555000

copy on write activated
alloc a new page 0xc0558000

copy on write activated
alloc a new page 0xc055e000
alloc a new page 0xc055f000
alloc a new page 0xc0560000
alloc a new page 0xc0561000

copy on write activated
alloc a new page 0xc0564000

copy on write activated
alloc a new page 0xc056b000
alloc a new page 0xc056c000
alloc a new page 0xc056d000
alloc a new page 0xc056e000

copy on write activated
alloc a new page 0xc0571000

copy on write activated
alloc a new page 0xc0577000
alloc a new page 0xc0578000
alloc a new page 0xc0579000
alloc a new page 0xc057a000

copy on write activated
alloc a new page 0xc057d000

copy on write activated
alloc a new page 0xc0583000
alloc a new page 0xc0584000
alloc a new page 0xc0585000
alloc a new page 0xc0586000

copy on write activated
alloc a new page 0xc0589000

copy on write activated
alloc a new page 0xc058f000
alloc a new page 0xc0590000
alloc a new page 0xc0591000
alloc a new page 0xc0592000

copy on write activated
alloc a new page 0xc0595000

copy on write activated
alloc a new page 0xc059b000
alloc a new page 0xc059c000
alloc a new page 0xc059d000
alloc a new page 0xc059e000

copy on write activated
alloc a new page 0xc05a1000

copy on write activated
alloc a new page 0xc05a7000
alloc a new page 0xc05a8000
alloc a new page 0xc05a9000
alloc a new page 0xc05aa000

copy on write activated
alloc a new page 0xc05ad000

copy on write activated
alloc a new page 0xc05b3000
alloc a new page 0xc05b4000
alloc a new page 0xc05b5000
alloc a new page 0xc05b6000

copy on write activated
alloc a new page 0xc05b9000

copy on write activated
alloc a new page 0xc05bf000
alloc a new page 0xc05c0000
alloc a new page 0xc05c1000
alloc a new page 0xc05c2000

copy on write activated
alloc a new page 0xc05c5000

copy on write activated
alloc a new page 0xc05cc000
alloc a new page 0xc05cd000
alloc a new page 0xc05ce000
alloc a new page 0xc05cf000

copy on write activated
alloc a new page 0xc05d2000

copy on write activated
alloc a new page 0xc05d8000
alloc a new page 0xc05d9000
alloc a new page 0xc05da000
alloc a new page 0xc05db000

copy on write activated
alloc a new page 0xc05de000

copy on write activated
alloc a new page 0xc05e4000
alloc a new page 0xc05e5000
alloc a new page 0xc05e6000
alloc a new page 0xc05e7000

copy on write activated
alloc a new page 0xc05ea000

copy on write activated
alloc a new page 0xc05f0000
alloc a new page 0xc05f1000
alloc a new page 0xc05f2000
alloc a new page 0xc05f3000

copy on write activated
alloc a new page 0xc05f6000

copy on write activated
alloc a new page 0xc05fc000
alloc a new page 0xc05fd000
alloc a new page 0xc05fe000
alloc a new page 0xc05ff000

copy on write activated
alloc a new page 0xc0602000

copy on write activated
alloc a new page 0xc0608000
alloc a new page 0xc0609000
alloc a new page 0xc060a000
alloc a new page 0xc060b000

copy on write activated
alloc a new page 0xc060e000

copy on write activated
alloc a new page 0xc0614000
alloc a new page 0xc0615000
alloc a new page 0xc0616000
alloc a new page 0xc0617000

copy on write activated
alloc a new page 0xc061a000

copy on write activated
alloc a new page 0xc0620000
alloc a new page 0xc0621000
alloc a new page 0xc0622000
alloc a new page 0xc0623000

copy on write activated
alloc a new page 0xc0626000

copy on write activated
alloc a new page 0xc062d000
alloc a new page 0xc062e000
alloc a new page 0xc062f000
alloc a new page 0xc0630000

copy on write activated
alloc a new page 0xc0633000

copy on write activated
alloc a new page 0xc0639000
alloc a new page 0xc063a000
alloc a new page 0xc063b000
alloc a new page 0xc063c000

copy on write activated
alloc a new page 0xc063f000
I am child 31
I am child 30
I am child 29
I am child 28
I am child 27
I am child 26
I am child 25
I am child 24
I am child 23
I am child 22
I am child 21
I am child 20
I am child 19
I am child 18
I am child 17
I am child 16
I am child 15
I am child 14
I am child 13
I am child 12
I am child 11
I am child 10
I am child 9
I am child 8
I am child 7
I am child 6
I am child 5
I am child 4
I am child 3
I am child 2
I am child 1
I am child 0
forktest pass.
all user-mode processes have quit.
init check memory pass.
kernel panic at kern/process/proc.c:487:
    initproc exit.

